Arguments: 
  /home/fengxia/.nvm/versions/node/v14.17.3/bin/node /home/fengxia/.nvm/versions/node/v14.17.3/bin/yarn add bower -D

PATH: 
  /home/fengxia/.nvm/versions/node/v14.17.3/bin:/home/fengxia/gems/bin:/home/fengxia/.virtualenvs/dev/bin:/home/fengxia/.local/bin:/usr/local/sbin:/usr/local/bin:/usr/sbin:/usr/bin:/sbin:/bin:/usr/games:/usr/local/games:/snap/bin

Yarn version: 
  1.22.10

Node version: 
  14.17.3

Platform: 
  linux x64

Trace: 
  Error: https://registry.yarnpkg.com/babel.in.browser: Not found
      at Request.params.callback [as _callback] (/home/fengxia/.nvm/versions/node/v14.17.3/lib/node_modules/yarn/lib/cli.js:66988:18)
      at Request.self.callback (/home/fengxia/.nvm/versions/node/v14.17.3/lib/node_modules/yarn/lib/cli.js:140662:22)
      at Request.emit (events.js:375:28)
      at Request.<anonymous> (/home/fengxia/.nvm/versions/node/v14.17.3/lib/node_modules/yarn/lib/cli.js:141634:10)
      at Request.emit (events.js:375:28)
      at IncomingMessage.<anonymous> (/home/fengxia/.nvm/versions/node/v14.17.3/lib/node_modules/yarn/lib/cli.js:141556:12)
      at Object.onceWrapper (events.js:481:28)
      at IncomingMessage.emit (events.js:387:35)
      at endReadableNT (internal/streams/readable.js:1317:12)
      at processTicksAndRejections (internal/process/task_queues.js:82:21)

npm manifest: 
  {
    "name": "mydev",
    "description": "My primary dev environment.",
    "main": "index.html",
    "authors": [
      "feng xia"
    ],
    "license": "MIT",
    "homepage": "",
    "private": true,
    "ignore": [
      "**/.*",
      "node_modules",
      "bower_components",
      "test",
      "tests"
    ],
    "dependencies": {
      "angular": "angularjs#^1.5.8",
      "babel": "^5.8.38",
      "bootstrap": "^3.3.7",
      "babel.in.browser": "^6.4.6",
      "classnames": "^2.2.5",
      "datatables": "^1.10.12",
      "d3": "^4.2.6",
      "fetch": "^1.0.0",
      "highcharts": "^4.2.6",
      "financejs": "^4.0.1",
      "jquery.tableofcontents": "*",
      "font-awesome": "fontawesome#^4.6.3",
      "crypto-js": "^3.1.6",
      "js-marker-clusterer": "*",
      "remarkable": "^1.7.0",
      "jquery-ui": "^1.12.0",
      "reveal.js": "^3.3.0",
      "ladda": "^1.0.0",
      "materialize": "^0.97.7",
      "SyntaxHighlighter": "^3.0.83",
      "lightbox2": "lightbox#^2.8.2",
      "lodash": "^4.16.3",
      "react": "^15.3.2",
      "tether": "^1.3.7",
      "jquery.toc": "^0.4.0",
      "material": "^0.1.1",
      "reveal.js-menu": "^0.8.1"
    }
  }

yarn manifest: 
  No manifest

Lockfile: 
  No lockfile
